****************************************************
****************************************************
FISHR LOG FILE INFORMATION

Program working directory was: /home/piyush/Documents/EclipseWorkspaceTest_codon/IBG-FISHR-OPTIMIZED 
Program version was: /home/piyush/Documents/EclipseWorkspaceTest_codon/IBG-FISHR-OPTIMIZED/Debug/IBG-FISHR-OPTIMIZED 
Program options:
-bmatch file: ./src/BEAGLE.bmatch 
-bmid file: ./src/BEAGLE.bmid 
-bsid file: ./src/BEAGLE.bsid 
-ped file: ./src/Beagle.Phased.Group2.1k.ped 
-output type: finalOutput 
- missing SNP representation in pedfile:  
-log file: logs_22_Beagle 
min snp length : 64 
min cm length : 3 
gap to consolidate : 100 
moving averages window size : 50 
discard ends to calculate pct err : 50
user did not supply a percentage error threshold: NA
user supplied empirical-pie-threshold: 0.015
user supplied ma threshold: 0.2
user did not supply an empirical-ma-threshold: NA


**********Parameters used in program**********

Moving Averages will be tested usign the empirical threshold: 0
empirical pie threshold is : 0.0149999997 

**********************************************


The total number of SH in the input file was: 14513
Number of Consolidations: 965
Number of matches removed due to initial length: 0
No of matches removed due to length of trimming by moving averages: 7416
No of matches removed due to percentage error: 2
Total number of SH that were not dropped is: 6130


 The program started at: Fri Aug  5 12:05:55 2016         The program ended at: Fri Aug  5 12:05:58 2016           Total time ( in seconds): 3
